<?xml version="1.0" encoding="UTF-8"?>
<!-- Generated by org.testng.reporters.JUnitReportReporter -->
<testsuite skipped="0" hostname="user-PC" name="com.bharat.framework.sample" tests="1" failures="0" timestamp="16 Aug 2017 13:07:30 GMT" time="8.341" errors="0">
  <testcase name="testEasy" time="8.341" classname="com.bharat.framework.sample"/>
</testsuite> <!-- com.bharat.framework.sample -->
