<?xml version="1.0" encoding="UTF-8"?>
<!-- Generated by org.testng.reporters.JUnitReportReporter -->
<testsuite skipped="0" hostname="user-PC" name="com.bharat.framework.testcases.LoginTest" tests="1" failures="0" timestamp="16 Aug 2017 13:29:59 GMT" time="4.648" errors="0">
  <testcase name="testEasy" time="4.648" classname="com.bharat.framework.testcases.LoginTest"/>
</testsuite> <!-- com.bharat.framework.testcases.LoginTest -->
